"/Users/shryu/Documents/Unreal Projects/cyclops/cyclops.uproject" 1
"../../../Engine/Plugins/2D/Paper2D/Paper2D.uplugin" 2
"../../../Engine/Plugins/Developer/BlankPlugin/BlankPlugin.uplugin" 3
"../../../Engine/Plugins/Developer/PerforceSourceControl/PerforceSourceControl.uplugin" 4
"../../../Engine/Plugins/Developer/SubversionSourceControl/SubversionSourceControl.uplugin" 5
"../../../Engine/Plugins/Developer/UObjectPlugin/UObjectPlugin.uplugin" 6
"../../../Engine/Plugins/Developer/VisualStudioSourceCodeAccess/VisualStudioSourceCodeAccess.uplugin" 7
"../../../Engine/Plugins/Developer/XCodeSourceCodeAccess/XCodeSourceCodeAccess.uplugin" 8
"../../../Engine/Plugins/Editor/EpicSurvey/EpicSurvey.uplugin" 9
"../../../Engine/Plugins/Editor/MacGraphicsSwitching/MacGraphicsSwitching.uplugin" 10
"../../../Engine/Plugins/Editor/PluginsEditor/PluginsEditor.uplugin" 11
"../../../Engine/Plugins/Editor/SpeedTreeImporter/SpeedTreeImporter.uplugin" 12
"../../../Engine/Plugins/Experimental/BlueprintStats/BlueprintStats.uplugin" 13
"../../../Engine/Plugins/Experimental/CharacterAI/CharacterAI.uplugin" 14
"../../../Engine/Plugins/Experimental/CodeView/CodeView.uplugin" 15
"../../../Engine/Plugins/Experimental/LiveEditor/LiveEditor.uplugin" 16
"../../../Engine/Plugins/Experimental/Phya/Phya.uplugin" 17
"../../../Engine/Plugins/Experimental/SteamVR/SteamVR.uplugin" 18
"../../../Engine/Plugins/Media/AvfMedia/AvfMedia.uplugin" 19
"../../../Engine/Plugins/Media/MediaPlayerEditor/MediaPlayerEditor.uplugin" 20
"../../../Engine/Plugins/Media/WmfMedia/WmfMedia.uplugin" 21
"../../../Engine/Plugins/Messaging/MessagingDebugger/MessagingDebugger.uplugin" 22
"../../../Engine/Plugins/Messaging/ShmMessaging/ShmMessaging.uplugin" 23
"../../../Engine/Plugins/Messaging/UdpMessaging/UdpMessaging.uplugin" 24
"../../../Engine/Plugins/Runtime/Advertising/IOSTapJoy/IOSTapJoy.uplugin" 25
"../../../Engine/Plugins/Runtime/Analytics/AnalyticsBlueprintLibrary/AnalyticsBlueprintLibrary.uplugin" 26
"../../../Engine/Plugins/Runtime/Analytics/Apsalar/IOSApsalar/IOSApsalar.uplugin" 27
"../../../Engine/Plugins/Runtime/Analytics/FileLogging/FileLogging.uplugin" 28
"../../../Engine/Plugins/Runtime/AndroidDeviceProfileSelector/AndroidDeviceProfileSelector.uplugin" 29
"../../../Engine/Plugins/Runtime/AppleMoviePlayer/AppleMoviePlayer.uplugin" 30
"../../../Engine/Plugins/Runtime/CableComponent/CableComponent.uplugin" 31
"../../../Engine/Plugins/Runtime/CustomMeshComponent/CustomMeshComponent.uplugin" 32
"../../../Engine/Plugins/Runtime/ExampleDeviceProfileSelector/ExampleDeviceProfileSelector.uplugin" 33
"../../../Engine/Plugins/Runtime/IOSDeviceProfileSelector/IOSDeviceProfileSelector.uplugin" 34
"../../../Engine/Plugins/Runtime/LiveEditorListenServer/LiveEditorListenServer.uplugin" 35
"../../../Engine/Plugins/Runtime/OculusRift/OculusRift.uplugin" 36
"../../../Engine/Plugins/Runtime/SoundMod/SoundMod.uplugin" 37
"../../../Engine/Plugins/Runtime/SoundVisualizations/SoundVisualizations.uplugin" 38
"../../../Engine/Plugins/Runtime/TwitchLiveStreaming/TwitchLiveStreaming.uplugin" 39
"../../../Engine/Plugins/Runtime/WindowsDeviceProfileSelector/WindowsDeviceProfileSelector.uplugin" 40
"../../../Engine/Plugins/Runtime/WindowsMoviePlayer/WindowsMoviePlayer.uplugin" 41
"../../../Engine/Plugins/ScriptGeneratorPlugin/ScriptGeneratorPlugin.uplugin" 42
"../../../Engine/Plugins/ScriptPlugin/ScriptPlugin.uplugin" 43
"../../../Engine/Plugins/Slate/SlateRemote/SlateRemote.uplugin" 44
"../../../Engine/Content/Internationalization/icudt53l/cnvalias.icu" 45
"../../../Engine/Content/Internationalization/icudt53l/en_US_POSIX.res" 46
"../../../Engine/Content/Internationalization/icudt53l/pool.res" 47
"../../../Engine/Content/Internationalization/icudt53l/en_US.res" 48
"../../../Engine/Content/Internationalization/icudt53l/en.res" 49
"../../../Engine/Content/Internationalization/icudt53l/root.res" 50
"../../../Engine/Content/Internationalization/icudt53l/coll/ucadata.icu" 51
"../../../Engine/Content/Internationalization/icudt53l/nfc.nrm" 52
"../../../Engine/Content/Internationalization/icudt53l/coll/en_US_POSIX.res" 53
"../../../Engine/Content/Internationalization/icudt53l/coll/en_US.res" 54
"../../../Engine/Content/Internationalization/icudt53l/coll/en.res" 55
"../../../Engine/Content/Internationalization/icudt53l/coll/root.res" 56
"../../../Engine/Content/Internationalization/icudt53l/numberingSystems.res" 57
"../../../Engine/Content/Internationalization/icudt53l/curr/supplementalData.res" 58
"../../../Engine/Content/Internationalization/icudt53l/curr/pool.res" 59
"../../../Engine/Content/Internationalization/icudt53l/curr/en.res" 60
"../../../Engine/Content/Internationalization/icudt53l/curr/root.res" 61
"../../../Engine/Content/Internationalization/icudt53l/plurals.res" 62
"../../../Engine/Content/Internationalization/icudt53l/zoneinfo64.res" 63
"../../../Engine/Content/Internationalization/icudt53l/keyTypeData.res" 64
"../../../Engine/Content/Internationalization/icudt53l/timezoneTypes.res" 65
"../../../Engine/Content/Internationalization/icudt53l/supplementalData.res" 66
"../../../Engine/Content/Internationalization/icudt53l/likelySubtags.res" 67
"../../../Engine/Content/Internationalization/icudt53l/ko_KR.res" 68
"../../../Engine/Content/Internationalization/icudt53l/ko.res" 69
"../../../Engine/Content/Internationalization/icudt53l/coll/ko.res" 70
"../../../Engine/Content/Internationalization/icudt53l/curr/ko.res" 71
"/Users/shryu/Library/Application Support/Epic/Epic Games/KeyValueStore.ini" 72
"../../../Engine/Config/Base.ini" 73
"../../../Engine/Config/BaseEngine.ini" 74
"../../../../../../shryu/Documents/Unreal Projects/cyclops/Config/DefaultEngine.ini" 75
"../../../Engine/Config/Mac/MacEngine.ini" 76
"/Users/shryu/Library/Preferences/Unreal Engine/cyclopsEditor/Mac/Engine.ini" 77
"/Users/shryu/Library/Preferences/Unreal Engine/cyclopsEditor/CleanSourceConfigs/Engine.ini" 78
"../../../Engine/Config/BaseGame.ini" 79
"../../../../../../shryu/Documents/Unreal Projects/cyclops/Config/DefaultGame.ini" 80
"/Users/shryu/Library/Preferences/Unreal Engine/cyclopsEditor/Mac/Game.ini" 81
"/Users/shryu/Library/Preferences/Unreal Engine/cyclopsEditor/CleanSourceConfigs/Game.ini" 82
"../../../Engine/Config/BaseInput.ini" 83
"../../../../../../shryu/Documents/Unreal Projects/cyclops/Config/DefaultInput.ini" 84
"/Users/shryu/Library/Preferences/Unreal Engine/cyclopsEditor/Mac/Input.ini" 85
"/Users/shryu/Library/Preferences/Unreal Engine/cyclopsEditor/CleanSourceConfigs/Input.ini" 86
"../../../Engine/Config/BaseEditor.ini" 87
"../../../../../../shryu/Documents/Unreal Projects/cyclops/Config/DefaultEditor.ini" 88
"/Users/shryu/Library/Preferences/Unreal Engine/cyclopsEditor/Mac/Editor.ini" 89
"/Users/shryu/Library/Preferences/Unreal Engine/cyclopsEditor/CleanSourceConfigs/Editor.ini" 90
"../../../Engine/Config/BaseEditorLayout.ini" 91
"/Users/shryu/Library/Preferences/Unreal Engine/cyclopsEditor/Mac/EditorLayout.ini" 92
"/Users/shryu/Library/Preferences/Unreal Engine/cyclopsEditor/CleanSourceConfigs/EditorLayout.ini" 93
"../../../Engine/Config/BaseEditorUserSettings.ini" 94
"../../../Engine/Config/Mac/MacEditorUserSettings.ini" 95
"/Users/shryu/Library/Preferences/Unreal Engine/cyclopsEditor/Mac/EditorUserSettings.ini" 96
"/Users/shryu/Library/Preferences/Unreal Engine/cyclopsEditor/CleanSourceConfigs/EditorUserSettings.ini" 97
"../../../Engine/Config/BaseEditorKeyBindings.ini" 98
"/Users/shryu/Library/Preferences/Unreal Engine/cyclopsEditor/Mac/EditorKeyBindings.ini" 99
"/Users/shryu/Library/Preferences/Unreal Engine/cyclopsEditor/CleanSourceConfigs/EditorKeyBindings.ini" 100
"../../../Engine/Config/BaseCompat.ini" 101
"/Users/shryu/Library/Preferences/Unreal Engine/cyclopsEditor/Mac/Compat.ini" 102
"/Users/shryu/Library/Preferences/Unreal Engine/cyclopsEditor/CleanSourceConfigs/Compat.ini" 103
"../../../Engine/Config/BaseLightmass.ini" 104
"/Users/shryu/Library/Preferences/Unreal Engine/cyclopsEditor/Mac/Lightmass.ini" 105
"/Users/shryu/Library/Preferences/Unreal Engine/cyclopsEditor/CleanSourceConfigs/Lightmass.ini" 106
"../../../Engine/Config/BaseScalability.ini" 107
"/Users/shryu/Library/Preferences/Unreal Engine/cyclopsEditor/Mac/Scalability.ini" 108
"/Users/shryu/Library/Preferences/Unreal Engine/cyclopsEditor/CleanSourceConfigs/Scalability.ini" 109
"/Users/shryu/Library/Preferences/Unreal Engine/cyclopsEditor/Mac/GameUserSettings.ini" 110
"/Users/shryu/Library/Preferences/Unreal Engine/cyclopsEditor/CleanSourceConfigs/GameUserSettings.ini" 111
"../../../Engine/Config/BaseDeviceProfiles.ini" 112
"/Users/shryu/Library/Preferences/Unreal Engine/cyclopsEditor/Mac/DeviceProfiles.ini" 113
"/Users/shryu/Library/Preferences/Unreal Engine/cyclopsEditor/CleanSourceConfigs/DeviceProfiles.ini" 114
"../../../Engine/Config/ConsoleVariables.ini" 115
"../../../Engine/Content/Internationalization/icudt53l/es.res" 116
"../../../Engine/Content/Internationalization/icudt53l/coll/es.res" 117
"../../../Engine/Content/Internationalization/icudt53l/curr/es.res" 118
"../../../Engine/Content/Internationalization/icudt53l/es_ES.res" 119
"../../../Engine/Content/Internationalization/icudt53l/ja.res" 120
"../../../Engine/Content/Internationalization/icudt53l/coll/ja.res" 121
"../../../Engine/Content/Internationalization/icudt53l/curr/ja.res" 122
"../../../Engine/Content/Internationalization/icudt53l/ja_JP.res" 123
"../../../Engine/Content/Internationalization/icudt53l/pt_BR.res" 124
"../../../Engine/Content/Internationalization/icudt53l/pt.res" 125
"../../../Engine/Content/Internationalization/icudt53l/coll/pt.res" 126
"../../../Engine/Content/Internationalization/icudt53l/curr/pt.res" 127
"../../../Engine/Content/Internationalization/icudt53l/zh_CN.res" 128
"../../../Engine/Content/Internationalization/icudt53l/zh_Hans_CN.res" 129
"../../../Engine/Content/Internationalization/icudt53l/zh_Hans.res" 130
"../../../Engine/Content/Internationalization/icudt53l/zh.res" 131
"../../../Engine/Content/Internationalization/icudt53l/coll/zh_CN.res" 132
"../../../Engine/Content/Internationalization/icudt53l/coll/zh_Hans_CN.res" 133
"../../../Engine/Content/Internationalization/icudt53l/coll/zh_Hans.res" 134
"../../../Engine/Content/Internationalization/icudt53l/coll/zh.res" 135
"../../../Engine/Content/Internationalization/icudt53l/curr/zh_CN.res" 136
"../../../Engine/Content/Internationalization/icudt53l/curr/zh_Hans_CN.res" 137
"../../../Engine/Content/Internationalization/icudt53l/curr/zh_Hans.res" 138
"../../../Engine/Content/Internationalization/icudt53l/curr/zh.res" 139
"/Users/Shared/UnrealEngine/4.6/Engine/Content/Localization/Editor/ko/Editor.locres" 140
"/Users/Shared/UnrealEngine/4.6/Engine/Content/Localization/EditorTutorials/ko/EditorTutorials.locres" 141
"/Users/Shared/UnrealEngine/4.6/Engine/Content/Localization/Engine/ko/Engine.locres" 142
"../../../Engine/Content/Slate/Fonts/Roboto-Regular.ttf" 143
"../../../Engine/Content/Slate/Fonts/Roboto-Bold.ttf" 144
"../../../Engine/Content/Slate/Fonts/Roboto-Light.ttf" 145
"../../../Engine/Content/Slate/Fonts/DroidSansMono.ttf" 146
"/Users/Shared/UnrealEngine/4.6/Engine/Binaries/Mac/../../../Engine/Shaders/ParticleSpriteVertexFactory.usf" 147
"/Users/Shared/UnrealEngine/4.6/Engine/Binaries/Mac/../../../Engine/Shaders/VertexFactoryCommon.usf" 148
"/Users/Shared/UnrealEngine/4.6/Engine/Binaries/Mac/../../../Engine/Shaders/Common.usf" 149
"/Users/Shared/UnrealEngine/4.6/Engine/Binaries/Mac/../../../Engine/Shaders/ShaderVersion.usf" 150
"/Users/Shared/UnrealEngine/4.6/Engine/Binaries/Mac/../../../Engine/Shaders/Definitions.usf" 151
"/Users/Shared/UnrealEngine/4.6/Engine/Binaries/Mac/../../../Engine/Shaders/Random.usf" 152
"/Users/Shared/UnrealEngine/4.6/Engine/Binaries/Mac/../../../Engine/Shaders/ParticleVertexFactoryCommon.usf" 153
"/Users/Shared/UnrealEngine/4.6/Engine/Binaries/Mac/../../../Engine/Shaders/ParticleGPUSpriteVertexFactory.usf" 154
"/Users/Shared/UnrealEngine/4.6/Engine/Binaries/Mac/../../../Engine/Shaders/ParticleBeamTrailVertexFactory.usf" 155
"/Users/Shared/UnrealEngine/4.6/Engine/Binaries/Mac/../../../Engine/Shaders/VectorFieldVisualizationVertexFactory.usf" 156
"/Users/Shared/UnrealEngine/4.6/Engine/Binaries/Mac/../../../Engine/Shaders/LocalVertexFactory.usf" 157
"/Users/Shared/UnrealEngine/4.6/Engine/Binaries/Mac/../../../Engine/Shaders/LocalVertexFactoryCommon.usf" 158
"/Users/Shared/UnrealEngine/4.6/Engine/Binaries/Mac/../../../Engine/Shaders/MeshParticleVertexFactory.usf" 159
"/Users/Shared/UnrealEngine/4.6/Engine/Binaries/Mac/../../../Engine/Shaders/GpuSkinVertexFactory.usf" 160
"/Users/Shared/UnrealEngine/4.6/Engine/Binaries/Mac/../../../Engine/Shaders/GpuSkinCacheCommon.usf" 161
"/Users/Shared/UnrealEngine/4.6/Engine/Binaries/Mac/../../../Engine/Shaders/LandscapeVertexFactory.usf" 162
"/Users/Shared/UnrealEngine/4.6/Engine/Binaries/Mac/../../../Engine/Shaders/SlateElementPixelShader.usf" 163
"/Users/Shared/UnrealEngine/4.6/Engine/Binaries/Mac/../../../Engine/Shaders/MaterialTemplate.usf" 164
"/Users/Shared/UnrealEngine/4.6/Engine/Binaries/Mac/../../../Engine/Shaders/DepthOfFieldCommon.usf" 165
"/Users/Shared/UnrealEngine/4.6/Engine/Binaries/Mac/../../../Engine/Shaders/SpeedTreeCommon.usf" 166
"/Users/Shared/UnrealEngine/4.6/Engine/Binaries/Mac/../../../Engine/Shaders/AtmosphereCommon.usf" 167
"/Users/Shared/UnrealEngine/4.6/Engine/Binaries/Mac/../../../Engine/Shaders/PostProcessCommon.usf" 168
"/Users/Shared/UnrealEngine/4.6/Engine/Binaries/Mac/../../../Engine/Shaders/DeferredShadingCommon.usf" 169
"/Users/Shared/UnrealEngine/4.6/Engine/Binaries/Mac/../../../Engine/Shaders/LightAccumulator.usf" 170
"/Users/Shared/UnrealEngine/4.6/Engine/Binaries/Mac/../../../Engine/Shaders/SlateVertexShader.usf" 171
"/Users/Shared/UnrealEngine/4.6/Engine/Binaries/Mac/../../../Engine/Shaders/OneColorShader.usf" 172
"/Users/Shared/UnrealEngine/4.6/Engine/Binaries/Mac/../../../Engine/Shaders/VisualizeTexture.usf" 173
"/Users/Shared/UnrealEngine/4.6/Engine/Binaries/Mac/../../../Engine/Shaders/ScreenSpaceReflections.usf" 174
"/Users/Shared/UnrealEngine/4.6/Engine/Binaries/Mac/../../../Engine/Shaders/BRDF.usf" 175
"/Users/Shared/UnrealEngine/4.6/Engine/Binaries/Mac/../../../Engine/Shaders/MonteCarlo.usf" 176
"/Users/Shared/UnrealEngine/4.6/Engine/Binaries/Mac/../../../Engine/Shaders/PostProcessBloom.usf" 177
"/Users/Shared/UnrealEngine/4.6/Engine/Binaries/Mac/../../../Engine/Shaders/FilterVertexShader.usf" 178
"/Users/Shared/UnrealEngine/4.6/Engine/Binaries/Mac/../../../Engine/Shaders/FilterPixelShader.usf" 179
"/Users/Shared/UnrealEngine/4.6/Engine/Binaries/Mac/../../../Engine/Shaders/PostProcessVisualizeHDR.usf" 180
"/Users/Shared/UnrealEngine/4.6/Engine/Binaries/Mac/../../../Engine/Shaders/PostProcessHistogramCommon.usf" 181
"/Users/Shared/UnrealEngine/4.6/Engine/Binaries/Mac/../../../Engine/Shaders/TonemapCommon.usf" 182
"/Users/Shared/UnrealEngine/4.6/Engine/Binaries/Mac/../../../Engine/Shaders/MiniFontCommon.usf" 183
"/Users/Shared/UnrealEngine/4.6/Engine/Binaries/Mac/../../../Engine/Shaders/PostProcessVisualizeBuffer.usf" 184
"/Users/Shared/UnrealEngine/4.6/Engine/Binaries/Mac/../../../Engine/Shaders/PostProcessUpscale.usf" 185
"/Users/Shared/UnrealEngine/4.6/Engine/Binaries/Mac/../../../Engine/Shaders/PostProcessTonemap.usf" 186
"/Users/Shared/UnrealEngine/4.6/Engine/Binaries/Mac/../../../Engine/Shaders/PostProcessTestImage.usf" 187
"/Users/Shared/UnrealEngine/4.6/Engine/Binaries/Mac/../../../Engine/Shaders/PostProcessTemporalAA.usf" 188
"/Users/Shared/UnrealEngine/4.6/Engine/Binaries/Mac/../../../Engine/Shaders/PostProcessTemporalCommon.usf" 189
"/Users/Shared/UnrealEngine/4.6/Engine/Binaries/Mac/../../../Engine/Shaders/PostProcessSubsurface.usf" 190
"/Users/Shared/UnrealEngine/4.6/Engine/Binaries/Mac/../../../Engine/Shaders/SeparableSSS.usf" 191
"/Users/Shared/UnrealEngine/4.6/Engine/Binaries/Mac/../../../Engine/Shaders/PostProcessSelectionOutline.usf" 192
"/Users/Shared/UnrealEngine/4.6/Engine/Binaries/Mac/../../../Engine/Shaders/PostProcessSceneColorFringe.usf" 193
"/Users/Shared/UnrealEngine/4.6/Engine/Binaries/Mac/../../../Engine/Shaders/PostProcessNoiseBlur.usf" 194
"/Users/Shared/UnrealEngine/4.6/Engine/Binaries/Mac/../../../Engine/Shaders/PostProcessMotionBlur.usf" 195
"/Users/Shared/UnrealEngine/4.6/Engine/Binaries/Mac/../../../Engine/Shaders/PostProcessMobile.usf" 196
"/Users/Shared/UnrealEngine/4.6/Engine/Binaries/Mac/../../../Engine/Shaders/PostProcessMaterialShaders.usf" 197
"/Users/Shared/UnrealEngine/4.6/Engine/Binaries/Mac/../../../Engine/Shaders/PostProcessLensFlares.usf" 198
"/Users/Shared/UnrealEngine/4.6/Engine/Binaries/Mac/../../../Engine/Shaders/PostProcessLensBlur.usf" 199
"/Users/Shared/UnrealEngine/4.6/Engine/Binaries/Mac/../../../Engine/Shaders/PostProcessHistogramReduce.usf" 200
"/Users/Shared/UnrealEngine/4.6/Engine/Binaries/Mac/../../../Engine/Shaders/PostProcessHistogram.usf" 201
"/Users/Shared/UnrealEngine/4.6/Engine/Binaries/Mac/../../../Engine/Shaders/PostProcessHMD.usf" 202
"/Users/Shared/UnrealEngine/4.6/Engine/Binaries/Mac/../../../Engine/Shaders/PostProcessGBufferHints.usf" 203
"/Users/Shared/UnrealEngine/4.6/Engine/Binaries/Mac/../../../Engine/Shaders/PostProcessEyeAdaptation.usf" 204
"/Users/Shared/UnrealEngine/4.6/Engine/Binaries/Mac/../../../Engine/Shaders/PostProcessDownsample.usf" 205
"/Users/Shared/UnrealEngine/4.6/Engine/Binaries/Mac/../../../Engine/Shaders/PostProcessDOF.usf" 206
"/Users/Shared/UnrealEngine/4.6/Engine/Binaries/Mac/../../../Engine/Shaders/PostProcessCompositeEditorPrimitives.usf" 207
"/Users/Shared/UnrealEngine/4.6/Engine/Binaries/Mac/../../../Engine/Shaders/PostProcessCombineLUTs.usf" 208
"/Users/Shared/UnrealEngine/4.6/Engine/Binaries/Mac/../../../Engine/Shaders/PostProcessBusyWait.usf" 209
"/Users/Shared/UnrealEngine/4.6/Engine/Binaries/Mac/../../../Engine/Shaders/PostProcessBokehDOF.usf" 210
"/Users/Shared/UnrealEngine/4.6/Engine/Binaries/Mac/../../../Engine/Shaders/FXAAShader.usf" 211
"/Users/Shared/UnrealEngine/4.6/Engine/Binaries/Mac/../../../Engine/Shaders/Fxaa3_11.usf" 212
"/Users/Shared/UnrealEngine/4.6/Engine/Binaries/Mac/../../../Engine/Shaders/PostProcessPassThrough.usf" 213
"/Users/Shared/UnrealEngine/4.6/Engine/Binaries/Mac/../../../Engine/Shaders/PostProcessLpvIndirect.usf" 214
"/Users/Shared/UnrealEngine/4.6/Engine/Binaries/Mac/../../../Engine/Shaders/DeferredLightingCommon.usf" 215
"/Users/Shared/UnrealEngine/4.6/Engine/Binaries/Mac/../../../Engine/Shaders/DynamicLightingCommon.usf" 216
"/Users/Shared/UnrealEngine/4.6/Engine/Binaries/Mac/../../../Engine/Shaders/IESLightProfilesCommon.usf" 217
"/Users/Shared/UnrealEngine/4.6/Engine/Binaries/Mac/../../../Engine/Shaders/LPVFinalPass.usf" 218
"/Users/Shared/UnrealEngine/4.6/Engine/Binaries/Mac/../../../Engine/Shaders/LPVCommon.usf" 219
"/Users/Shared/UnrealEngine/4.6/Engine/Binaries/Mac/../../../Engine/Shaders/DeferredDecal.usf" 220
"/Users/Shared/UnrealEngine/4.6/Engine/Binaries/Mac/../../../Engine/Shaders/PostProcessAmbientOcclusion.usf" 221
"/Users/Shared/UnrealEngine/4.6/Engine/Binaries/Mac/../../../Engine/Shaders/PostProcessAmbient.usf" 222
"/Users/Shared/UnrealEngine/4.6/Engine/Binaries/Mac/../../../Engine/Shaders/CubemapCommon.usf" 223
"/Users/Shared/UnrealEngine/4.6/Engine/Binaries/Mac/../../../Engine/Shaders/VelocityShader.usf" 224
"/Users/Shared/UnrealEngine/4.6/Engine/Binaries/Mac/../../../Engine/Shaders/Tessellation.usf" 225
"/Users/Shared/UnrealEngine/4.6/Engine/Binaries/Mac/../../../Engine/Shaders/FlatTessellation.usf" 226
"/Users/Shared/UnrealEngine/4.6/Engine/Binaries/Mac/../../../Engine/Shaders/PNTriangles.usf" 227
"/Users/Shared/UnrealEngine/4.6/Engine/Binaries/Mac/../../../Engine/Shaders/TranslucentLightingShaders.usf" 228
"/Users/Shared/UnrealEngine/4.6/Engine/Binaries/Mac/../../../Engine/Shaders/SHCommon.usf" 229
"/Users/Shared/UnrealEngine/4.6/Engine/Binaries/Mac/../../../Engine/Shaders/ShadowProjectionCommon.usf" 230
"/Users/Shared/UnrealEngine/4.6/Engine/Binaries/Mac/../../../Engine/Shaders/TranslucentLightInjectionShaders.usf" 231
"/Users/Shared/UnrealEngine/4.6/Engine/Binaries/Mac/../../../Engine/Shaders/LightFunctionCommon.usf" 232
"/Users/Shared/UnrealEngine/4.6/Engine/Binaries/Mac/../../../Engine/Shaders/TranslucentShadowDepthShaders.usf" 233
"/Users/Shared/UnrealEngine/4.6/Engine/Binaries/Mac/../../../Engine/Shaders/ShadowDepthCommon.usf" 234
"/Users/Shared/UnrealEngine/4.6/Engine/Binaries/Mac/../../../Engine/Shaders/TiledDeferredLightShaders.usf" 235
"/Users/Shared/UnrealEngine/4.6/Engine/Binaries/Mac/../../../Engine/Shaders/ShadowProjectionPixelShader.usf" 236
"/Users/Shared/UnrealEngine/4.6/Engine/Binaries/Mac/../../../Engine/Shaders/ShadowFilteringCommon.usf" 237
"/Users/Shared/UnrealEngine/4.6/Engine/Binaries/Mac/../../../Engine/Shaders/ShadowProjectionVertexShader.usf" 238
"/Users/Shared/UnrealEngine/4.6/Engine/Binaries/Mac/../../../Engine/Shaders/ShadowDepthPixelShader.usf" 239
"/Users/Shared/UnrealEngine/4.6/Engine/Binaries/Mac/../../../Engine/Shaders/LPVWriteVplCommon.usf" 240
"/Users/Shared/UnrealEngine/4.6/Engine/Binaries/Mac/../../../Engine/Shaders/LPVWriteCommon.usf" 241
"/Users/Shared/UnrealEngine/4.6/Engine/Binaries/Mac/../../../Engine/Shaders/ShadowDepthVertexShader.usf" 242
"/Users/Shared/UnrealEngine/4.6/Engine/Binaries/Mac/../../../Engine/Shaders/ShaderComplexityApplyPixelShader.usf" 243
"/Users/Shared/UnrealEngine/4.6/Engine/Binaries/Mac/../../../Engine/Shaders/ShaderComplexityApplyVertexShader.usf" 244
"/Users/Shared/UnrealEngine/4.6/Engine/Binaries/Mac/../../../Engine/Shaders/ShaderComplexityAccumulatePixelShader.usf" 245
"/Users/Shared/UnrealEngine/4.6/Engine/Binaries/Mac/../../../Engine/Shaders/HZBOcclusion.usf" 246
"/Users/Shared/UnrealEngine/4.6/Engine/Binaries/Mac/../../../Engine/Shaders/OcclusionQueryVertexShader.usf" 247
"/Users/Shared/UnrealEngine/4.6/Engine/Binaries/Mac/../../../Engine/Shaders/HitProxyPixelShader.usf" 248
"/Users/Shared/UnrealEngine/4.6/Engine/Binaries/Mac/../../../Engine/Shaders/HitProxyVertexShader.usf" 249
"/Users/Shared/UnrealEngine/4.6/Engine/Binaries/Mac/../../../Engine/Shaders/ReflectionEnvironmentShaders.usf" 250
"/Users/Shared/UnrealEngine/4.6/Engine/Binaries/Mac/../../../Engine/Shaders/ReflectionEnvironmentShared.usf" 251
"/Users/Shared/UnrealEngine/4.6/Engine/Binaries/Mac/../../../Engine/Shaders/SkyLightingShared.usf" 252
"/Users/Shared/UnrealEngine/4.6/Engine/Binaries/Mac/../../../Engine/Shaders/ReflectionEnvironmentComputeShaders.usf" 253
"/Users/Shared/UnrealEngine/4.6/Engine/Binaries/Mac/../../../Engine/Shaders/LightShaftShader.usf" 254
"/Users/Shared/UnrealEngine/4.6/Engine/Binaries/Mac/../../../Engine/Shaders/StationaryLightOverlapShaders.usf" 255
"/Users/Shared/UnrealEngine/4.6/Engine/Binaries/Mac/../../../Engine/Shaders/DeferredLightPixelShaders.usf" 256
"/Users/Shared/UnrealEngine/4.6/Engine/Binaries/Mac/../../../Engine/Shaders/DeferredLightVertexShaders.usf" 257
"/Users/Shared/UnrealEngine/4.6/Engine/Binaries/Mac/../../../Engine/Shaders/LPVVisualise.usf" 258
"/Users/Shared/UnrealEngine/4.6/Engine/Binaries/Mac/../../../Engine/Shaders/LPVGeometryVolumeCommon.usf" 259
"/Users/Shared/UnrealEngine/4.6/Engine/Binaries/Mac/../../../Engine/Shaders/LPVDirectLightInject.usf" 260
"/Users/Shared/UnrealEngine/4.6/Engine/Binaries/Mac/../../../Engine/Shaders/LPVPropagate.usf" 261
"/Users/Shared/UnrealEngine/4.6/Engine/Binaries/Mac/../../../Engine/Shaders/LPVBuildGeometryVolume.usf" 262
"/Users/Shared/UnrealEngine/4.6/Engine/Binaries/Mac/../../../Engine/Shaders/LPVInject_AccumulateVplLists.usf" 263
"/Users/Shared/UnrealEngine/4.6/Engine/Binaries/Mac/../../../Engine/Shaders/LPVInject_GenerateVplLists.usf" 264
"/Users/Shared/UnrealEngine/4.6/Engine/Binaries/Mac/../../../Engine/Shaders/LPVClearLists.usf" 265
"/Users/Shared/UnrealEngine/4.6/Engine/Binaries/Mac/../../../Engine/Shaders/LPVClear.usf" 266
"/Users/Shared/UnrealEngine/4.6/Engine/Binaries/Mac/../../../Engine/Shaders/LightMapDensityShader.usf" 267
"/Users/Shared/UnrealEngine/4.6/Engine/Binaries/Mac/../../../Engine/Shaders/LightFunctionPixelShader.usf" 268
"/Users/Shared/UnrealEngine/4.6/Engine/Binaries/Mac/../../../Engine/Shaders/LightFunctionVertexShader.usf" 269
"/Users/Shared/UnrealEngine/4.6/Engine/Binaries/Mac/../../../Engine/Shaders/HdrCustomResolveShaders.usf" 270
"/Users/Shared/UnrealEngine/4.6/Engine/Binaries/Mac/../../../Engine/Shaders/GammaCorrection.usf" 271
"/Users/Shared/UnrealEngine/4.6/Engine/Binaries/Mac/../../../Engine/Shaders/GPUBenchmark.usf" 272
"/Users/Shared/UnrealEngine/4.6/Engine/Binaries/Mac/../../../Engine/Shaders/BasePassForForwardShadingPixelShader.usf" 273
"/Users/Shared/UnrealEngine/4.6/Engine/Binaries/Mac/../../../Engine/Shaders/BasePassForForwardShadingCommon.usf" 274
"/Users/Shared/UnrealEngine/4.6/Engine/Binaries/Mac/../../../Engine/Shaders/LightmapCommon.usf" 275
"/Users/Shared/UnrealEngine/4.6/Engine/Binaries/Mac/../../../Engine/Shaders/BasePassForForwardShadingVertexShader.usf" 276
"/Users/Shared/UnrealEngine/4.6/Engine/Binaries/Mac/../../../Engine/Shaders/HeightFogCommon.usf" 277
"/Users/Shared/UnrealEngine/4.6/Engine/Binaries/Mac/../../../Engine/Shaders/HeightFogPixelShader.usf" 278
"/Users/Shared/UnrealEngine/4.6/Engine/Binaries/Mac/../../../Engine/Shaders/HeightFogVertexShader.usf" 279
"/Users/Shared/UnrealEngine/4.6/Engine/Binaries/Mac/../../../Engine/Shaders/DistortAccumulatePS.usf" 280
"/Users/Shared/UnrealEngine/4.6/Engine/Binaries/Mac/../../../Engine/Shaders/DistortAccumulateVS.usf" 281
"/Users/Shared/UnrealEngine/4.6/Engine/Binaries/Mac/../../../Engine/Shaders/DistortApplyScreenPS.usf" 282
"/Users/Shared/UnrealEngine/4.6/Engine/Binaries/Mac/../../../Engine/Shaders/SkyLighting.usf" 283
"/Users/Shared/UnrealEngine/4.6/Engine/Binaries/Mac/../../../Engine/Shaders/DistanceFieldSurfaceCacheLighting.usf" 284
"/Users/Shared/UnrealEngine/4.6/Engine/Binaries/Mac/../../../Engine/Shaders/DistanceFieldLightingShared.usf" 285
"/Users/Shared/UnrealEngine/4.6/Engine/Binaries/Mac/../../../Engine/Shaders/DistanceFieldAOShared.usf" 286
"/Users/Shared/UnrealEngine/4.6/Engine/Binaries/Mac/../../../Engine/Shaders/DistanceFieldSurfaceCacheLightingCompute.usf" 287
"/Users/Shared/UnrealEngine/4.6/Engine/Binaries/Mac/../../../Engine/Shaders/DistanceFieldShadowing.usf" 288
"/Users/Shared/UnrealEngine/4.6/Engine/Binaries/Mac/../../../Engine/Shaders/DepthOnlyPixelShader.usf" 289
"/Users/Shared/UnrealEngine/4.6/Engine/Binaries/Mac/../../../Engine/Shaders/DepthOnlyVertexShader.usf" 290
"/Users/Shared/UnrealEngine/4.6/Engine/Binaries/Mac/../../../Engine/Shaders/PositionOnlyDepthVertexShader.usf" 291
"/Users/Shared/UnrealEngine/4.6/Engine/Binaries/Mac/../../../Engine/Shaders/DownsampleDepthPixelShader.usf" 292
"/Users/Shared/UnrealEngine/4.6/Engine/Binaries/Mac/../../../Engine/Shaders/BasePassPixelShader.usf" 293
"/Users/Shared/UnrealEngine/4.6/Engine/Binaries/Mac/../../../Engine/Shaders/BasePassCommon.usf" 294
"/Users/Shared/UnrealEngine/4.6/Engine/Binaries/Mac/../../../Engine/Shaders/BasePassVertexShader.usf" 295
"/Users/Shared/UnrealEngine/4.6/Engine/Binaries/Mac/../../../Engine/Shaders/BasePassVertexCommon.usf" 296
"/Users/Shared/UnrealEngine/4.6/Engine/Binaries/Mac/../../../Engine/Shaders/BasePassTessellationShaders.usf" 297
"/Users/Shared/UnrealEngine/4.6/Engine/Binaries/Mac/../../../Engine/Shaders/AtmospherePrecompute.usf" 298
"/Users/Shared/UnrealEngine/4.6/Engine/Binaries/Mac/../../../Engine/Shaders/AtmospherePrecomputeCommon.usf" 299
"/Users/Shared/UnrealEngine/4.6/Engine/Binaries/Mac/../../../Engine/Shaders/AtmospherePrecomputeInscatter.usf" 300
"/Users/Shared/UnrealEngine/4.6/Engine/Binaries/Mac/../../../Engine/Shaders/AtmosphericFogShader.usf" 301
"/Users/Shared/UnrealEngine/4.6/Engine/Binaries/Mac/../../../Engine/Shaders/ParticleSortKeyGen.usf" 302
"/Users/Shared/UnrealEngine/4.6/Engine/Binaries/Mac/../../../Engine/Shaders/ParticleBoundsShader.usf" 303
"/Users/Shared/UnrealEngine/4.6/Engine/Binaries/Mac/../../../Engine/Shaders/ParticleSimVisualizeShader.usf" 304
"/Users/Shared/UnrealEngine/4.6/Engine/Binaries/Mac/../../../Engine/Shaders/ParticleInjectionShader.usf" 305
"/Users/Shared/UnrealEngine/4.6/Engine/Binaries/Mac/../../../Engine/Shaders/ParticleSimulationShader.usf" 306
"/Users/Shared/UnrealEngine/4.6/Engine/Binaries/Mac/../../../Engine/Shaders/ParticleCurveInjectionShader.usf" 307
"/Users/Shared/UnrealEngine/4.6/Engine/Binaries/Mac/../../../Engine/Shaders/VectorFieldCompositeShaders.usf" 308
"/Users/Shared/UnrealEngine/4.6/Engine/Binaries/Mac/../../../Engine/Shaders/UpdateTextureShaders.usf" 309
"/Users/Shared/UnrealEngine/4.6/Engine/Binaries/Mac/../../../Engine/Shaders/SimpleElementColorChannelMaskPixelShader.usf" 310
"/Users/Shared/UnrealEngine/4.6/Engine/Binaries/Mac/../../../Engine/Shaders/SimpleElementHitProxyPixelShader.usf" 311
"/Users/Shared/UnrealEngine/4.6/Engine/Binaries/Mac/../../../Engine/Shaders/SimpleElementPixelShader.usf" 312
"/Users/Shared/UnrealEngine/4.6/Engine/Binaries/Mac/../../../Engine/Shaders/ColorUtils.usf" 313
"/Users/Shared/UnrealEngine/4.6/Engine/Binaries/Mac/../../../Engine/Shaders/SimpleElementVertexShader.usf" 314
"/Users/Shared/UnrealEngine/4.6/Engine/Binaries/Mac/../../../Engine/Shaders/ScreenVertexShader.usf" 315
"/Users/Shared/UnrealEngine/4.6/Engine/Binaries/Mac/../../../Engine/Shaders/ScreenPixelShader.usf" 316
"/Users/Shared/UnrealEngine/4.6/Engine/Binaries/Mac/../../../Engine/Shaders/NullPixelShader.usf" 317
"/Users/Shared/UnrealEngine/4.6/Engine/Binaries/Mac/../../../Engine/Shaders/RadixSortShaders.usf" 318
"/Users/Shared/UnrealEngine/4.6/Engine/Binaries/Mac/../../../Engine/Shaders/GpuSkinCacheComputeShader.usf" 319
"/Users/Shared/UnrealEngine/4.6/Engine/Binaries/Mac/../../../Engine/Shaders/ClearReplacementShaders.usf" 320
"/Users/Shared/UnrealEngine/4.6/Engine/Binaries/Mac/../../../Engine/Shaders/SimpleElementTexture2DPreviewPixelShader.usf" 321
"/Users/Shared/UnrealEngine/4.6/Engine/Binaries/Mac/../../../Engine/Shaders/SimpleElementNormalMapPixelShader.usf" 322
"/Users/Shared/UnrealEngine/4.6/Engine/Binaries/Mac/../../../Engine/Shaders/meshpaintdilatepixelshader.usf" 323
"/Users/Shared/UnrealEngine/4.6/Engine/Binaries/Mac/../../../Engine/Shaders/meshpaintdilatevertexshader.usf" 324
"/Users/Shared/UnrealEngine/4.6/Engine/Binaries/Mac/../../../Engine/Shaders/MeshPaintPixelShader.usf" 325
"/Users/Shared/UnrealEngine/4.6/Engine/Binaries/Mac/../../../Engine/Shaders/MeshPaintVertexShader.usf" 326
"../../../Engine/Config/IOS/IOSEngine.ini" 327
"/Users/shryu/Library/Application Support/Epic/UnrealEngine/4.6/DerivedDataCache/Boot.ddc" 328
"../../../Engine/DerivedDataCache/DDC.ddp" 329
"../../../Engine/Content/EditorResources/S_Actor.uasset" 330
"../../../Engine/Content/Maps/Templates/Thumbnails/Default.uasset" 331
"../../../Engine/Content/EditorMaterials/ParticleSystems/PSysThumbnail_NoImage.uasset" 332
"../../../Engine/Content/EditorMaterials/ParticleSystems/PSysThumbnail_OOD.uasset" 333
"../../../Engine/Content/EditorLandscapeResources/DataLayer.uasset" 334
"../../../Engine/Content/EngineDamageTypes/DmgTypeBP_Environmental.uasset" 335
"../../../Engine/Content/EngineMeshes/Sphere.uasset" 336
"../../../Engine/Content/EngineFonts/RobotoDistanceField.uasset" 337
"../../../Engine/Content/EngineMaterials/DefaultTextMaterialOpaque.uasset" 338
"../../../Engine/Content/Functions/Engine_MaterialFunctions01/Shading/PowerToRoughness.uasset" 339
"../../../Engine/Content/Functions/Engine_MaterialFunctions01/Shading/ConvertFromDiffSpec.uasset" 340
"../../../Engine/Content/EngineMaterials/WorldGridMaterial.uasset" 341
"../../../Engine/Content/Functions/Engine_MaterialFunctions01/Opacity/CameraDepthFade.uasset" 342
"../../../Engine/Content/EngineMaterials/T_Default_Material_Grid_M.uasset" 343
"../../../Engine/Content/EngineMaterials/T_Default_Material_Grid_N.uasset" 344
"../../../Engine/Content/EngineMaterials/DefaultDeferredDecalMaterial.uasset" 345
"../../../Engine/Content/EngineMaterials/DefaultDiffuse.uasset" 346
"../../../Engine/Content/EngineMaterials/DefaultLightFunctionMaterial.uasset" 347
"../../../Engine/Content/EngineMaterials/DefaultPostProcessMaterial.uasset" 348
"../../../Engine/Content/Functions/Engine_MaterialFunctions02/Utility/BreakOutFloat2Components.uasset" 349
"../../../Engine/Content/EditorResources/S_Trigger.uasset" 350
"../../../Engine/Content/EngineResources/WhiteSquareTexture.uasset" 351
"../../../Engine/Content/EngineResources/GradientTexture0.uasset" 352
"../../../Engine/Content/EngineResources/Black.uasset" 353
"../../../Engine/Content/EditorMaterials/MatineeGroups/MAT_Groups_Float.uasset" 354
"../../../Engine/Content/EditorMaterials/MatineeGroups/MAT_Groups_Director.uasset" 355
"../../../Engine/Content/EditorMaterials/MatineeGroups/MAT_Groups_Event.uasset" 356
"../../../Engine/Content/EditorMaterials/MatineeGroups/MAT_Groups_Anim.uasset" 357
"../../../Engine/Content/EditorMaterials/MatineeGroups/MAT_Groups_Fade.uasset" 358
"../../../Engine/Content/EditorMaterials/MatineeGroups/MAT_Groups_Move.uasset" 359
"../../../Engine/Content/EditorMaterials/MatineeGroups/MAT_Groups_Slomo.uasset" 360
"../../../Engine/Content/EditorMaterials/MatineeGroups/MAT_ColorTrack.uasset" 361
"../../../Engine/Content/EditorMaterials/MAT_Groups_Toggle.uasset" 362
"../../../Engine/Content/EditorMaterials/MatineeGroups/MAT_Groups_AudioMaster.uasset" 363
"../../../Engine/Content/EditorMaterials/MatineeGroups/MAT_Groups_Sound.uasset" 364
"../../../Engine/Content/EditorMaterials/MatineeGroups/MAT_Groups_Vector.uasset" 365
"../../../Engine/Content/EditorMaterials/MAT_Groups_Visibility.uasset" 366
"../../../Engine/Content/EngineResources/DefaultTexture.uasset" 367
"../../../Engine/Content/EngineResources/DefaultTextureCube.uasset" 368
"../../../Engine/Content/EngineSounds/Master.uasset" 369
"../../../Engine/Content/EngineSounds/Music.uasset" 370
"../../../Engine/Content/EngineSounds/SFX.uasset" 371
"../../../Engine/Content/EngineSounds/Normal_Attack.uasset" 372
"../../../Engine/Content/EngineSounds/Special_Attack_PSM.uasset" 373
"../../../Engine/Content/EngineSounds/Duck_Normal_Attack_MixMod.uasset" 374
"../../../Engine/Content/EngineSounds/Voice.uasset" 375
"../../../Engine/Content/EngineMeshes/Cylinder.uasset" 376
"../../../Engine/Content/EngineMaterials/DefaultMaterial.uasset" 377
"../../../Engine/Content/EngineTireTypes/DefaultTireType.uasset" 378
"/Users/shryu/Library/Preferences/Unreal Engine/cyclopsEditor/Mac/InternationalizationExport.ini" 379
"/Users/shryu/Library/Preferences/Unreal Engine/cyclopsEditor/CleanSourceConfigs/InternationalizationExport.ini" 380
"../../../Engine/Content/Editor/Slate/Fonts/DroidSansMono.ttf" 381
"../../../Engine/Content/Editor/Slate/Fonts/Roboto-BoldCondensed.ttf" 382
"../../../Engine/Content/Editor/Slate/Fonts/Roboto-Black.ttf" 383
"../../../Engine/Content/Editor/Slate/Fonts/Roboto-BoldCondensedItalic.ttf" 384
"../../../Engine/Content/Editor/Slate/Fonts/Roboto-Italic.ttf" 385
"../../../Engine/Content/EngineFonts/Roboto.uasset" 386
"../../../Engine/Content/EngineMaterials/Widget3DPassThrough_Translucent.uasset" 387
"../../../Engine/Content/EngineMaterials/Widget3DPassThrough.uasset" 388
"../../../Engine/Content/EngineMaterials/Widget3DPassThrough_Translucent_OneSided.uasset" 389
"../../../Engine/Content/EngineMaterials/Widget3DPassThrough_Opaque.uasset" 390
"../../../Engine/Content/EngineMaterials/Widget3DPassThrough_Opaque_OneSided.uasset" 391
"/Users/shryu/Library/Preferences/Unreal Engine/cyclopsEditor/Mac/TemplateDefs.ini" 392
"/Users/shryu/Library/Preferences/Unreal Engine/cyclopsEditor/CleanSourceConfigs/TemplateDefs.ini" 393
"../../../Engine/Plugins/2D/Paper2D/Content/MaskedUnlitSpriteMaterial.uasset" 394
"../../../Engine/Plugins/2D/Paper2D/Content/DefaultSpriteMaterial.uasset" 395
"../../../Engine/Plugins/2D/Paper2D/Content/DummySpriteTexture.uasset" 396
"../../../Engine/Plugins/2D/Paper2D/Content/OpaqueUnlitSpriteMaterial.uasset" 397
"../../../Engine/Plugins/2D/Paper2D/Content/DefaultPaperTerrainMaterial.uasset" 398
"../../../Engine/Plugins/2D/Paper2D/Content/DummySprite.uasset" 399
"/Users/shryu/Library/Application Support/Epic/UnrealEngine/4.6/Saved/Config/Mac/SourceControlSettings.ini" 400
"/Users/shryu/Library/Preferences/Unreal Engine/cyclopsEditor/CleanSourceConfigs/SourceControlSettings.ini" 401
"/Users/shryu/Library/Preferences/Unreal Engine/cyclopsEditor/Mac/SourceControlSettings.ini" 402
"../../../Engine/Content/EngineMaterials/RemoveSurfaceMaterial.uasset" 403
"../../../Engine/Content/EngineDebugMaterials/DebugMeshMaterial.uasset" 404
"../../../Engine/Content/EngineMaterials/M_InvalidLightmapSettings.uasset" 405
"../../../Engine/Content/EngineMaterials/InvalidLightmapSettings.uasset" 406
"../../../Engine/Content/EditorMaterials/GizmoMaterial.uasset" 407
"../../../Engine/Content/EngineMaterials/Good64x64TilingNoiseHighFreq.uasset" 408
"../../../Engine/Content/EngineMaterials/DefaultBokeh.uasset" 409
"../../../Engine/Content/EngineMaterials/PreintegratedSkinBRDF.uasset" 410
"../../../Engine/Content/EngineMaterials/MiniFont.uasset" 411
"../../../Engine/Content/EngineMaterials/WeightMapPlaceholderTexture.uasset" 412
"../../../Engine/Content/EngineMaterials/DefaultWhiteGrid.uasset" 413
"../../../Engine/Content/EngineMaterials/DefaultPhysicalMaterial.uasset" 414
"../../../Engine/Content/EngineFonts/RobotoTiny.uasset" 415
"../../../../../../shryu/Documents/Unreal Projects/cyclops/Intermediate/CachedAssetRegistry.bin" 416
"../../../Engine/Content/MobileResources/HUD/VirtualJoystick_Thumb.uasset" 417
"../../../Engine/Content/MobileResources/HUD/VirtualJoystick_Background.uasset" 418
"../../../Engine/Content/MobileResources/HUD/T_Castle_ThumbstickOutter.uasset" 419
"../../../Engine/Content/MobileResources/HUD/T_Castle_ThumbstickInner.uasset" 420
"../../../Engine/Content/MobileResources/HUD/MobileHUDDirectionStick.uasset" 421
"../../../Engine/Content/MobileResources/HUD/MobileHUDDirectionPad3.uasset" 422
"../../../Engine/Content/MobileResources/HUD/MobileHUDDirectionPad2.uasset" 423
"../../../Engine/Content/MobileResources/HUD/MobileHUDDirectionPad.uasset" 424
"../../../Engine/Content/MobileResources/HUD/MobileHUDButtonFire.uasset" 425
"../../../Engine/Content/MobileResources/HUD/MobileHUDButton3.uasset" 426
"../../../Engine/Content/MobileResources/HUD/MobileHUDButton2_on.uasset" 427
"../../../Engine/Content/MobileResources/HUD/MobileHUDButton2_off.uasset" 428
"../../../Engine/Content/MobileResources/HUD/MobileHUDButton1_on.uasset" 429
"../../../Engine/Content/MobileResources/HUD/MobileHUDButton1_off.uasset" 430
"../../../Engine/Content/MobileResources/HUD/LeftVirtualJoystickOnly.uasset" 431
"../../../Engine/Content/MobileResources/HUD/DefaultVirtualJoysticks.uasset" 432
"../../../Engine/Content/MobileResources/HUD/AnalogHat.uasset" 433
"../../../Engine/Content/MobileResources/T_MobileMenu2.uasset" 434
"../../../Engine/Content/MobileResources/T_MobileControls_texture.uasset" 435
"../../../../../../shryu/Documents/Unreal Projects/cyclops/Content/Blueprints/MyGame.uasset" 436
"../../../../../../shryu/Documents/Unreal Projects/cyclops/Content/Blueprints/MyCharacter.uasset" 437
"../../../../../../shryu/Documents/Unreal Projects/cyclops/Content/Character/HeroFPP_AnimBlueprint.uasset" 438
"../../../../../../shryu/Documents/Unreal Projects/cyclops/Content/Animations/FPP_Idle.uasset" 439
"../../../../../../shryu/Documents/Unreal Projects/cyclops/Content/Character/HeroFPP_Skeleton.uasset" 440
"../../../../../../shryu/Documents/Unreal Projects/cyclops/Content/Animations/FPP_JumpEnd.uasset" 441
"../../../../../../shryu/Documents/Unreal Projects/cyclops/Content/Animations/FPP_JumpLoop.uasset" 442
"../../../../../../shryu/Documents/Unreal Projects/cyclops/Content/Animations/FPP_JumpStart.uasset" 443
"../../../../../../shryu/Documents/Unreal Projects/cyclops/Content/Animations/FPP_Run.uasset" 444
"../../../../../../shryu/Documents/Unreal Projects/cyclops/Content/Animations/FPP_Fire_Montage.uasset" 445
"../../../../../../shryu/Documents/Unreal Projects/cyclops/Content/Animations/FPP_Fire.uasset" 446
"../../../../../../shryu/Documents/Unreal Projects/cyclops/Content/Blueprints/MyProjectile.uasset" 447
"../../../../../../shryu/Documents/Unreal Projects/cyclops/Content/Character/SM_Projectile.uasset" 448
"../../../Engine/Content/TemplateResources/MI_Template_BaseOrange.uasset" 449
"../../../Engine/Content/TemplateResources/M_Template_Master.uasset" 450
"../../../../../../shryu/Documents/Unreal Projects/cyclops/Content/Audio/Template1rst_WeaponFire02.uasset" 451
"../../../../../../shryu/Documents/Unreal Projects/cyclops/Content/Character/HeroFPP.uasset" 452
"../../../Engine/Content/TemplateResources/MI_Template_BaseBlue.uasset" 453
"../../../../../../shryu/Documents/Unreal Projects/cyclops/Content/Blueprints/MyHUD.uasset" 454
"../../../../../../shryu/Documents/Unreal Projects/cyclops/Content/Textures/crosshair.uasset" 455
"../../../Engine/Content/Maps/Entry.umap" 456
"../../../Engine/Content/EngineMaterials/DefaultNormal.uasset" 457
"../../../../../../shryu/Documents/Unreal Projects/cyclops/Content/Maps/Example_Map.umap" 458
"../../../Engine/Content/EngineSky/BP_Sky_Sphere.uasset" 459
"../../../Engine/Content/EditorBlueprintResources/StandardMacros.uasset" 460
"../../../Engine/Content/EngineSky/C_Sky_Cloud_Color.uasset" 461
"../../../Engine/Content/EngineSky/C_Sky_Horizon_Color.uasset" 462
"../../../Engine/Content/EngineSky/C_Sky_Zenith_Color.uasset" 463
"../../../Engine/Content/EngineSky/M_Sky_Panning_Clouds2.uasset" 464
"../../../Engine/Content/EngineSky/T_Sky_Blue.uasset" 465
"../../../Engine/Content/EngineSky/T_Sky_Clouds_M.uasset" 466
"../../../Engine/Content/EngineSky/T_Sky_Stars.uasset" 467
"../../../Engine/Content/EngineSky/SM_SkySphere.uasset" 468
"../../../Engine/Content/TemplateResources/MI_Template_BaseGray.uasset" 469
"../../../Engine/Content/TemplateResources/MI_Template_BaseGray_02.uasset" 470
"../../../Engine/Content/TemplateResources/MI_Template_BaseGray_03_Metal.uasset" 471
"../../../Engine/Content/MapTemplates/Bokeh_5Sides.uasset" 472
"../../../Engine/Content/MapTemplates/T_ScreenDirt02_w.uasset" 473
"../../../../../../shryu/Documents/Unreal Projects/cyclops/Content/Meshes/TemplateCube_Rounded.uasset" 474
"/Users/shryu/Library/Application Support/Epic/UnrealEngine/Common/DerivedDataCache/5/1/9/STATICMESH_46A8778361B442A9523C54440EA1E9D_0DB5412B27AB480F844CC7F0BE5ABAFF_4E__1177E310D4BBABA252D7165D6839E5D3A972B5CE.udd" 475
"/Users/shryu/Library/Application Support/Epic/UnrealEngine/Common/DerivedDataCache/0/7/1/PHYSX_$7B1F0627AE$2DABEB$2D4206$2D8D78$2DE16BEB5DDC7E$7D_PHYSXPC_FBA8BAEF49FB8__95F7AEFF48EEA1E3F2F82DBB7649ED7559985089.udd" 476
"/Users/shryu/Library/Application Support/Epic/UnrealEngine/Common/DerivedDataCache/2/4/6/PHYSX_$7B1F0627AE$2DABEB$2D4206$2D8D78$2DE16BEB5DDC7E$7D_PHYSXPC_2787DACC4482583CCD6021953359C87C__1_0_13073_0.udd" 477
"/Users/shryu/Library/Application Support/Epic/UnrealEngine/Common/DerivedDataCache/6/4/6/PHYSX_$7B1F0627AE$2DABEB$2D4206$2D8D78$2DE16BEB5DDC7E$7D_PHYSXPC_3909226F488C63E1AF4931A2F2BBCED5__1_0_13073_0.udd" 478
"/Users/shryu/Library/Application Support/Epic/UnrealEngine/Common/DerivedDataCache/8/0/1/PHYSX_$7B1F0627AE$2DABEB$2D4206$2D8D78$2DE16BEB5DDC7E$7D_PHYSXPC_D31F7A74472E3F2492EDBC900F42C1C0__1_0_13073_0.udd" 479
"/Users/shryu/Library/Application Support/Epic/UnrealEngine/Common/DerivedDataCache/7/3/6/PHYSX_$7B1F0627AE$2DABEB$2D4206$2D8D78$2DE16BEB5DDC7E$7D_PHYSXPC_A1D4E7C4435B91CECCA770AE848BB8FC__1_0_13073_0.udd" 480
"/Users/shryu/Library/Application Support/Epic/UnrealEngine/Common/DerivedDataCache/9/2/9/PHYSX_$7B1F0627AE$2DABEB$2D4206$2D8D78$2DE16BEB5DDC7E$7D_PHYSXPC_5C647EA14C11E52FE3104FBDCAD11811__1_0_13073_0.udd" 481
"/Users/shryu/Library/Application Support/Epic/UnrealEngine/Common/DerivedDataCache/0/4/8/PHYSX_$7B1F0627AE$2DABEB$2D4206$2D8D78$2DE16BEB5DDC7E$7D_PHYSXPC_64B69D6843703A12177D2E9CF95DE4F1__1_0_13073_0.udd" 482
"/Users/shryu/Library/Application Support/Epic/UnrealEngine/Common/DerivedDataCache/7/8/3/PHYSX_$7B1F0627AE$2DABEB$2D4206$2D8D78$2DE16BEB5DDC7E$7D_PHYSXPC_E391FCFF46482D0E2F563BA24ADDE4A6__1_0_13073_0.udd" 483
"/Users/shryu/Library/Application Support/Epic/UnrealEngine/Common/DerivedDataCache/4/3/2/TEXTURE_75F87CE100B546AAB8A1C4132AF9DB17_AUTODXT_05A69EC34CC88EBE6B6DFCA82C841__18E3C245577B2201CA81704D93FA23002DED2FD1.udd" 484
"/Users/shryu/Library/Application Support/Epic/UnrealEngine/Common/DerivedDataCache/1/1/6/TEXTURE_75F87CE100B546AAB8A1C4132AF9DB17_AUTODXT_05A69EC34CC88EBE6B6DFCA82C841__A9B0424C5D47F63D76BF1FF6FC5D42C36CDD7446.udd" 485
"/Users/shryu/Library/Application Support/Epic/UnrealEngine/Common/DerivedDataCache/5/6/0/REFL_FULL_0C6693969CB849AE9F4120FF5812F4D2_0861F81143998C138E2F5EB0CAFDFD87.udd" 486
"/Users/shryu/Library/Application Support/Epic/UnrealEngine/Common/DerivedDataCache/0/3/2/TEXTURE_75F87CE100B546AAB8A1C4132AF9DB17_AUTODXT_05A69EC34CC88EBE6B6DFCA82C841__4F2BEB09FE3DA13B154874A4C475DA523FF160D1.udd" 487
"/Users/shryu/Library/Application Support/Epic/UnrealEngine/Common/DerivedDataCache/8/4/0/TEXTURE_75F87CE100B546AAB8A1C4132AF9DB17_AUTODXT_05A69EC34CC88EBE6B6DFCA82C841__A60D29F931E75C70E1154EBA67B0773DA2852242.udd" 488
"/Users/shryu/Library/Application Support/Epic/UnrealEngine/Common/DerivedDataCache/5/8/1/TEXTURE_75F87CE100B546AAB8A1C4132AF9DB17_AUTODXT_05A69EC34CC88EBE6B6DFCA82C841__74DF67369636D1438845126BAD81AF4C2FACB2D5.udd" 489
"/Users/shryu/Library/Application Support/Epic/UnrealEngine/Common/DerivedDataCache/5/8/6/TEXTURE_75F87CE100B546AAB8A1C4132AF9DB17_AUTODXT_1B4B776F44E5B6017DA03A8AAE4E7__9EA691C107539196D0580EE368469AA33D85FC28.udd" 490
"/Users/shryu/Library/Application Support/Epic/UnrealEngine/Common/DerivedDataCache/5/8/9/TEXTURE_75F87CE100B546AAB8A1C4132AF9DB17_AUTODXT_FF70F7EF4F85AF3C1F27B5B194446__32A6388D688856C1376461481B31B0735D286E8F.udd" 491
"/Users/shryu/Library/Application Support/Epic/UnrealEngine/Common/DerivedDataCache/9/2/3/TEXTURE_75F87CE100B546AAB8A1C4132AF9DB17_DXT1_6C3C6A4A42E7FC4A5D972490DEC023DD__29B0E9473617FA117E8B84AFCD8F817C5A332E16.udd" 492
"/Users/shryu/Library/Application Support/Epic/UnrealEngine/Common/DerivedDataCache/6/1/8/TEXTURE_75F87CE100B546AAB8A1C4132AF9DB17_DXT1_6C3C6A4A42E7FC4A5D972490DEC023DD__929198ED83C290565F812E425C541BC91573EDE8.udd" 493
"/Users/shryu/Library/Application Support/Epic/UnrealEngine/Common/DerivedDataCache/6/2/6/TEXTURE_75F87CE100B546AAB8A1C4132AF9DB17_DXT1_6C3C6A4A42E7FC4A5D972490DEC023DD__2542B1B9E762311C97977C0795AAF741593B6DEB.udd" 494
"/Users/shryu/Library/Application Support/Epic/UnrealEngine/Common/DerivedDataCache/9/7/9/TEXTURE_75F87CE100B546AAB8A1C4132AF9DB17_DXT1_6C3C6A4A42E7FC4A5D972490DEC023DD__B6FCDC6AE784DE3A06D7DE525BFF32940BE66AE4.udd" 495
"/Users/shryu/Library/Application Support/Epic/UnrealEngine/Common/DerivedDataCache/9/1/7/TEXTURE_75F87CE100B546AAB8A1C4132AF9DB17_DXT1_6C3C6A4A42E7FC4A5D972490DEC023DD__C94D33DEFFC6DA1EAE13A218D0C8E63B80E3BFB2.udd" 496
"/Users/shryu/Library/Application Support/Epic/UnrealEngine/Common/DerivedDataCache/2/9/3/TEXTURE_75F87CE100B546AAB8A1C4132AF9DB17_DXT1_131D791B45E306C9E03904A261DED5BB__0951AFE2ABFAE1565FDFAB143E4E09BB71830385.udd" 497
"/Users/shryu/Library/Application Support/Epic/UnrealEngine/Common/DerivedDataCache/3/9/4/TEXTURE_75F87CE100B546AAB8A1C4132AF9DB17_BGRA8_2D9A4D5840929F61F23D66BA175A9BE__0556367B16CF524F85DF10DA2CEEC28D1B377A8B.udd" 498
"/Users/shryu/Library/Application Support/Epic/UnrealEngine/Common/DerivedDataCache/5/7/0/TEXTURE_75F87CE100B546AAB8A1C4132AF9DB17_BGRA8_2D9A4D5840929F61F23D66BA175A9BE__43A0038041F0BA68F0A48E632C60BCEFD1E3F640.udd" 499
"/Users/shryu/Library/Application Support/Epic/UnrealEngine/Common/DerivedDataCache/1/4/7/TEXTURE_75F87CE100B546AAB8A1C4132AF9DB17_BGRA8_2D9A4D5840929F61F23D66BA175A9BE__38D9D79D4BB1EA3A159DC5D03F21C8CFE4A48F76.udd" 500
"/Users/shryu/Library/Application Support/Epic/UnrealEngine/Common/DerivedDataCache/7/8/9/TEXTURE_75F87CE100B546AAB8A1C4132AF9DB17_BGRA8_2D9A4D5840929F61F23D66BA175A9BE__6F36D543FC316162CA99AED9A2846C947FDAD9E1.udd" 501
"/Users/shryu/Library/Application Support/Epic/UnrealEngine/Common/DerivedDataCache/8/5/2/TEXTURE_75F87CE100B546AAB8A1C4132AF9DB17_BGRA8_2D9A4D5840929F61F23D66BA175A9BE__965A1F0F7E22617EEF835FD89CB7CAC4EB2C2748.udd" 502
"/Users/shryu/Library/Application Support/Epic/UnrealEngine/Common/DerivedDataCache/6/3/9/TEXTURE_75F87CE100B546AAB8A1C4132AF9DB17_BGRA8_CE5C0A234CDF1C0604CB7596B71BF5C__CF019703EDC5B0BC1CA8CD99F8A887C350AC424A.udd" 503
"/Users/shryu/Library/Application Support/Epic/UnrealEngine/Common/DerivedDataCache/9/3/3/TEXTURE_75F87CE100B546AAB8A1C4132AF9DB17_BGRA8_8ED175FF42875C31EA4052B6B2E7626__0CE55EC1A511A819B1DD19410DB7080754353456.udd" 504
"../../../../../../shryu/Documents/Unreal Projects/cyclops/Saved/Autosaves/Game/Maps/UEDPCExample_Map.umap" 505
